<?xml version="1.0" encoding="UTF-8"?>
<!-- Generated by org.testng.reporters.JUnitReportReporter -->
<testsuite skipped="0" hostname="LAPTOP-K43POKAL" name="testCase.Post_or_Create_A_Products" tests="1" failures="0" timestamp="26 Jun 2021 17:23:18 GMT" time="16.262" errors="0">
  <testcase name="read_All_Products" time="16.262" classname="testCase.Post_or_Create_A_Products"/>
</testsuite> <!-- testCase.Post_or_Create_A_Products -->
