<?xml version="1.0" encoding="UTF-8"?>
<!-- Generated by org.testng.reporters.JUnitReportReporter -->
<testsuite skipped="0" hostname="LAPTOP-K43POKAL" name="testCase.Get_or_Read_A_Products" tests="1" failures="0" timestamp="26 Jun 2021 18:33:37 GMT" time="0.026" errors="1">
  <testcase name="read_A_Products" time="0.026" classname="testCase.Get_or_Read_A_Products">
    <error type="java.lang.Error" message="Unresolved compilation problems: 
	The method queryparam(String, String) is undefined for the type RequestSpecification
	Syntax error on token &quot;200&quot;, AssignmentOperator expected after this token
	The left-hand side of an assignment must be a variable
	responseTime cannot be resolved to a variable
	Syntax error on token &quot;200&quot;, ) expected after this token
	responseBoby cannot be resolved to a variable
	The method getString(String) is undefined for the type JsonPath
">
      <![CDATA[java.lang.Error: Unresolved compilation problems: 
The method queryparam(String, String) is undefined for the type RequestSpecification
Syntax error on token "200", AssignmentOperator expected after this token
The left-hand side of an assignment must be a variable
responseTime cannot be resolved to a variable
Syntax error on token "200", ) expected after this token
responseBoby cannot be resolved to a variable
The method getString(String) is undefined for the type JsonPath

at testCase.Get_or_Read_A_Products.read_A_Products(Get_or_Read_A_Products.java:25)
at sun.reflect.NativeMethodAccessorImpl.invoke0(Native Method)
at sun.reflect.NativeMethodAccessorImpl.invoke(NativeMethodAccessorImpl.java:62)
at sun.reflect.DelegatingMethodAccessorImpl.invoke(DelegatingMethodAccessorImpl.java:43)
at java.lang.reflect.Method.invoke(Method.java:498)
at org.testng.internal.MethodInvocationHelper.invokeMethod(MethodInvocationHelper.java:124)
at org.testng.internal.Invoker.invokeMethod(Invoker.java:583)
at org.testng.internal.Invoker.invokeTestMethod(Invoker.java:719)
at org.testng.internal.Invoker.invokeTestMethods(Invoker.java:989)
at org.testng.internal.TestMethodWorker.invokeTestMethods(TestMethodWorker.java:125)
at org.testng.internal.TestMethodWorker.run(TestMethodWorker.java:109)
at org.testng.TestRunner.privateRun(TestRunner.java:648)
at org.testng.TestRunner.run(TestRunner.java:505)
at org.testng.SuiteRunner.runTest(SuiteRunner.java:455)
at org.testng.SuiteRunner.runSequentially(SuiteRunner.java:450)
at org.testng.SuiteRunner.privateRun(SuiteRunner.java:415)
at org.testng.SuiteRunner.run(SuiteRunner.java:364)
at org.testng.SuiteRunnerWorker.runSuite(SuiteRunnerWorker.java:52)
at org.testng.SuiteRunnerWorker.run(SuiteRunnerWorker.java:84)
at org.testng.TestNG.runSuitesSequentially(TestNG.java:1208)
at org.testng.TestNG.runSuitesLocally(TestNG.java:1137)
at org.testng.TestNG.runSuites(TestNG.java:1049)
at org.testng.TestNG.run(TestNG.java:1017)
at org.testng.remote.AbstractRemoteTestNG.run(AbstractRemoteTestNG.java:115)
at org.testng.remote.RemoteTestNG.initAndRun(RemoteTestNG.java:251)
at org.testng.remote.RemoteTestNG.main(RemoteTestNG.java:77)
]]>
    </error>
  </testcase> <!-- read_A_Products -->
</testsuite> <!-- testCase.Get_or_Read_A_Products -->
